<?xml version="1.0" encoding="UTF-8"?>
<!-- Generated by org.testng.reporters.JUnitXMLReporter -->
<testsuite hostname="IN2196867W4" ignored="0" name="Test" tests="3" failures="0" timestamp="19 Jul 2020 05:37:11 GMT" time="51.34" errors="0">
  <testcase name="login" time="20.675" classname="Mavens.Mavensample.Tescases"/>
  <testcase name="login" time="12.419" classname="Mavens.Mavensample.Tescases"/>
  <testcase name="login" time="10.004" classname="Mavens.Mavensample.Tescases"/>
</testsuite> <!-- Test -->
